<?xml version="1.0" encoding="UTF-8"?>
<!-- Generated by org.testng.reporters.JUnitReportReporter -->
<testsuite skipped="0" hostname="Lenovo" name="hpms.admintestcase.Homepage" tests="1" failures="0" timestamp="2021-02-04T03:34:49 PST" time="49.578" errors="0">
  <testcase name="hmpage" time="49.578" classname="hpms.admintestcase.Homepage"/>
  <system-out/>
</testsuite> <!-- hpms.admintestcase.Homepage -->
