<?xml version="1.0" encoding="UTF-8"?>
<!-- Generated by org.testng.reporters.JUnitReportReporter -->
<testsuite skipped="0" hostname="Lenovo" name="hpms.admintestcase.testcase" tests="1" failures="0" timestamp="2021-01-28T01:24:12 PST" time="70.958" errors="0">
  <testcase name="login" time="70.958" classname="hpms.admintestcase.testcase"/>
  <system-out/>
</testsuite> <!-- hpms.admintestcase.testcase -->
